{"name":"User is not allowed to login with invalid credentials","id":"login-page-scenarios;user-is-not-allowed-to-login-with-invalid-credentials","testSteps":[{"number":1,"description":"Given User is on login page","duration":288,"startTime":"2020-06-28T11:19:49.155881400+07:00[Asia/Bangkok]","exception":{"errorType":"net.thucydides.core.pages.WrongPageError","message":"The page object class integration.pages.WordPressLoginPage looks dodgy:\nFailed to instantiate page (net.thucydides.core.webdriver.UnsupportedDriverException: Could not instantiate class org.openqa.selenium.remote.RemoteWebDriver)","stackTrace":[{"classLoaderName":"app","declaringClass":"cucumber.runner.Runner","methodName":"runPickle","fileName":"Runner.java","lineNumber":80,"format":1},{"declaringClass":"✽","methodName":"User is on login page","fileName":"src/test/java/integration/resources/features/invalid_login.feature","lineNumber":5,"format":0}]},"result":"FAILURE","precondition":false},{"number":2,"description":"When Enter invalid credentials","duration":1,"startTime":"2020-06-28T11:19:49.449097200+07:00[Asia/Bangkok]","result":"SKIPPED","precondition":false},{"number":3,"description":"Then User is shown error message","duration":0,"startTime":"2020-06-28T11:19:49.451092100+07:00[Asia/Bangkok]","result":"SKIPPED","precondition":false}],"userStory":{"id":"login-page-scenarios","storyName":"Login page scenarios","path":"src/test/java/integration/resources/features/invalid_login.feature","type":"feature"},"featureTag":{"name":"Features/Login page scenarios","type":"feature"},"title":"User is not allowed to login with invalid credentials","startTime":"2020-06-28T11:19:48.881615300+07:00[Asia/Bangkok]","duration":661,"testFailureCause":{"errorType":"net.thucydides.core.pages.WrongPageError","message":"The page object class integration.pages.WordPressLoginPage looks dodgy:\nFailed to instantiate page (net.thucydides.core.webdriver.UnsupportedDriverException: Could not instantiate class org.openqa.selenium.remote.RemoteWebDriver)","stackTrace":[{"classLoaderName":"app","declaringClass":"cucumber.runner.Runner","methodName":"runPickle","fileName":"Runner.java","lineNumber":80,"format":1},{"declaringClass":"✽","methodName":"User is on login page","fileName":"src/test/java/integration/resources/features/invalid_login.feature","lineNumber":5,"format":0}]},"testFailureClassname":"net.thucydides.core.pages.WrongPageError","testFailureMessage":"The page object class integration.pages.WordPressLoginPage looks dodgy:\nFailed to instantiate page (net.thucydides.core.webdriver.UnsupportedDriverException: Could not instantiate class org.openqa.selenium.remote.RemoteWebDriver)","testFailureSummary":"FAILURE;net.thucydides.core.pages.WrongPageError;The page object class integration.pages.WordPressLoginPage looks dodgy:\nFailed to instantiate page (net.thucydides.core.webdriver.UnsupportedDriverException: Could not instantiate class org.openqa.selenium.remote.RemoteWebDriver);Runner.java","projectKey":"","annotatedResult":"FAILURE","manual":false,"testSource":"Cucumber","result":"FAILURE"}