<?xml version="1.0" encoding="UTF-8"?><testsuite errors="0" failures="1" name="Login page scenarios" skipped="0" tests="1" time="0.66" timestamp="2020-06-28T11:19:48.881615300+07:00[Asia/Bangkok]"><testcase name="User is not allowed to login with invalid credentials"><failure message="The page object class integration.pages.WordPressLoginPage looks dodgy:&#10;Failed to instantiate page (net.thucydides.core.webdriver.UnsupportedDriverException: Could not instantiate class org.openqa.selenium.remote.RemoteWebDriver)" type="net.thucydides.core.pages.WrongPageError">The page object class integration.pages.WordPressLoginPage looks dodgy:
Failed to instantiate page (net.thucydides.core.webdriver.UnsupportedDriverException: Could not instantiate class org.openqa.selenium.remote.RemoteWebDriver)</failure><system-err>The page object class integration.pages.WordPressLoginPage looks dodgy:
Failed to instantiate page (net.thucydides.core.webdriver.UnsupportedDriverException: Could not instantiate class org.openqa.selenium.remote.RemoteWebDriver)&#13;
cucumber.runner.Runner.runPickle(Runner.java:80)&#13;
âœ½.User is on login page(src/test/java/integration/resources/features/invalid_login.feature:5)&#13;
</system-err></testcase></testsuite>